<?xml version="1.0" encoding="UTF-8"?>
<!-- Generated by org.testng.reporters.JUnitReportReporter -->
<testsuite hostname="DDC2-L-7222DSJ" name="TestCless.LaunchApplication" tests="1" failures="0" timestamp="13 Jun 2019 12:16:25 GMT" time="12.669" errors="0">
  <testcase name="Launch" time="12.669" classname="TestCless.LaunchApplication"/>
</testsuite> <!-- TestCless.LaunchApplication -->
